2022-10-27 19:00:44 INFO  LocalFilter:37 - ua
2022-10-27 19:00:44 INFO  LocalFilter:39 - Logging from doFilter LocalFilter
2022-10-27 19:00:46 INFO  LocalFilter:37 - ua
2022-10-27 19:00:46 INFO  LocalFilter:39 - Logging from doFilter LocalFilter
2022-10-27 19:00:48 INFO  LocalFilter:37 - ua
2022-10-27 19:00:48 INFO  LocalFilter:39 - Logging from doFilter LocalFilter
2022-10-27 19:00:49 INFO  LocalFilter:37 - ua
2022-10-27 19:00:49 INFO  LocalFilter:39 - Logging from doFilter LocalFilter
2022-10-27 19:00:49 INFO  ExceptionHandler:37 - HTTP Status 404
2022-10-27 19:00:51 INFO  AbstractServlet:34 - Path: user
2022-10-27 19:00:51 INFO  LocalFilter:37 - ua
2022-10-27 19:00:51 INFO  LocalFilter:39 - Logging from doFilter LocalFilter
2022-10-27 19:00:51 INFO  UserSecurityFilter:27 - Log from UserSecurityFilter, method doFilter()
2022-10-27 19:00:51 INFO  AbstractServlet:62 - Command name: loginPage
2022-10-27 19:00:51 INFO  AbstractServlet:63 - method: GET
2022-10-27 19:00:51 INFO  LoginPageCommand:23 - errorMessage: null
2022-10-27 19:00:51 INFO  AbstractServlet:66 - page: /headPages/loginPage.jsp
2022-10-27 19:00:51 INFO  AbstractServlet:48 - doGet: /headPages/loginPage.jsp
2022-10-27 19:00:58 INFO  LocalFilter:37 - ua
2022-10-27 19:00:58 INFO  LocalFilter:39 - Logging from doFilter LocalFilter
2022-10-27 19:00:58 INFO  UserSecurityFilter:27 - Log from UserSecurityFilter, method doFilter()
2022-10-27 19:00:58 INFO  AbstractServlet:62 - Command name: login
2022-10-27 19:00:58 INFO  AbstractServlet:63 - method: POST
2022-10-27 19:00:58 INFO  AbstractServlet:66 - page: home?command=homePage
2022-10-27 19:00:58 INFO  AbstractServlet:55 - doPost: home?command=homePage
2022-10-27 19:00:58 INFO  AbstractServlet:29 - Path: home
2022-10-27 19:00:58 INFO  LocalFilter:37 - ua
2022-10-27 19:00:58 INFO  LocalFilter:39 - Logging from doFilter LocalFilter
2022-10-27 19:00:58 INFO  AbstractServlet:62 - Command name: homePage
2022-10-27 19:00:58 INFO  AbstractServlet:63 - method: GET
2022-10-27 19:00:58 INFO  AbstractServlet:66 - page: /headPages/index.jsp
2022-10-27 19:00:58 INFO  AbstractServlet:48 - doGet: /headPages/index.jsp
2022-10-27 19:01:00 INFO  LocalFilter:37 - ua
2022-10-27 19:01:00 INFO  LocalFilter:39 - Logging from doFilter LocalFilter
2022-10-27 19:01:00 INFO  UserSecurityFilter:27 - Log from UserSecurityFilter, method doFilter()
2022-10-27 19:01:00 INFO  AbstractServlet:62 - Command name: showAdminProfile
2022-10-27 19:01:00 INFO  AbstractServlet:63 - method: GET
2022-10-27 19:01:00 INFO  AbstractServlet:66 - page: /adminProfile.jsp
2022-10-27 19:01:00 INFO  AbstractServlet:48 - doGet: /adminProfile.jsp
2022-10-27 19:01:03 INFO  LocalFilter:37 - ua
2022-10-27 19:01:03 INFO  LocalFilter:39 - Logging from doFilter LocalFilter
2022-10-27 19:01:03 INFO  AbstractServlet:62 - Command name: editRoutesCommand
2022-10-27 19:01:03 INFO  AbstractServlet:63 - method: GET
2022-10-27 19:01:03 INFO  AbstractServlet:66 - page: /editRoutesPage.jsp
2022-10-27 19:01:03 INFO  AbstractServlet:48 - doGet: /editRoutesPage.jsp
2022-10-27 19:03:15 INFO  LocalFilter:45 - LocalFilter destroyed
2022-10-27 19:03:15 INFO  LocalFilter:45 - LocalFilter destroyed
2022-10-27 19:03:19 INFO  LocalFilter:22 - LocalFilter init
2022-10-27 19:03:20 INFO  AbstractServlet:34 - Path: user
2022-10-27 19:03:20 INFO  LocalFilter:37 - ua
2022-10-27 19:03:20 INFO  LocalFilter:39 - Logging from doFilter LocalFilter
2022-10-27 19:03:20 INFO  UserSecurityFilter:27 - Log from UserSecurityFilter, method doFilter()
2022-10-27 19:03:20 INFO  AbstractServlet:62 - Command name: logout
2022-10-27 19:03:20 INFO  AbstractServlet:63 - method: GET
2022-10-27 19:03:20 INFO  AbstractServlet:66 - page: /headPages/loginPage.jsp
2022-10-27 19:03:20 INFO  AbstractServlet:48 - doGet: /headPages/loginPage.jsp
2022-10-27 19:03:22 INFO  LocalFilter:22 - LocalFilter init
2022-10-27 19:03:27 INFO  LocalFilter:37 - ua
2022-10-27 19:03:27 INFO  LocalFilter:39 - Logging from doFilter LocalFilter
2022-10-27 19:03:27 INFO  UserSecurityFilter:27 - Log from UserSecurityFilter, method doFilter()
2022-10-27 19:03:27 INFO  AbstractServlet:62 - Command name: login
2022-10-27 19:03:27 INFO  AbstractServlet:63 - method: POST
2022-10-27 19:03:27 INFO  AbstractServlet:66 - page: home?command=homePage
2022-10-27 19:03:27 INFO  AbstractServlet:55 - doPost: home?command=homePage
2022-10-27 19:03:27 INFO  AbstractServlet:29 - Path: home
2022-10-27 19:03:27 INFO  LocalFilter:37 - ua
2022-10-27 19:03:27 INFO  LocalFilter:39 - Logging from doFilter LocalFilter
2022-10-27 19:03:27 INFO  AbstractServlet:62 - Command name: homePage
2022-10-27 19:03:27 INFO  AbstractServlet:63 - method: GET
2022-10-27 19:03:27 INFO  AbstractServlet:66 - page: /headPages/index.jsp
2022-10-27 19:03:27 INFO  AbstractServlet:48 - doGet: /headPages/index.jsp
2022-10-27 19:03:29 INFO  LocalFilter:37 - ua
2022-10-27 19:03:29 INFO  LocalFilter:39 - Logging from doFilter LocalFilter
2022-10-27 19:03:29 INFO  UserSecurityFilter:27 - Log from UserSecurityFilter, method doFilter()
2022-10-27 19:03:29 INFO  AbstractServlet:62 - Command name: showAdminProfile
2022-10-27 19:03:29 INFO  AbstractServlet:63 - method: GET
2022-10-27 19:03:29 INFO  AbstractServlet:66 - page: /adminProfile.jsp
2022-10-27 19:03:29 INFO  AbstractServlet:48 - doGet: /adminProfile.jsp
2022-10-27 19:03:31 INFO  LocalFilter:37 - ua
2022-10-27 19:03:31 INFO  LocalFilter:39 - Logging from doFilter LocalFilter
2022-10-27 19:03:31 INFO  AbstractServlet:62 - Command name: editRoutesCommand
2022-10-27 19:03:31 INFO  AbstractServlet:63 - method: GET
2022-10-27 19:03:31 INFO  AbstractServlet:66 - page: /editRoutesPage.jsp
2022-10-27 19:03:31 INFO  AbstractServlet:48 - doGet: /editRoutesPage.jsp
2022-10-27 19:04:16 INFO  LocalFilter:37 - ua
2022-10-27 19:04:16 INFO  LocalFilter:39 - Logging from doFilter LocalFilter
2022-10-27 19:04:16 INFO  AbstractServlet:62 - Command name: editRoutesCommand
2022-10-27 19:04:16 INFO  AbstractServlet:63 - method: GET
2022-10-27 19:04:16 INFO  AbstractServlet:66 - page: /editRoutesPage.jsp
2022-10-27 19:04:16 INFO  AbstractServlet:48 - doGet: /editRoutesPage.jsp
2022-10-27 19:04:20 INFO  LocalFilter:37 - ua
2022-10-27 19:04:20 INFO  LocalFilter:39 - Logging from doFilter LocalFilter
2022-10-27 19:04:20 INFO  AbstractServlet:62 - Command name: editRoutesCommand
2022-10-27 19:04:20 INFO  AbstractServlet:63 - method: GET
2022-10-27 19:04:20 INFO  AbstractServlet:66 - page: /editRoutesPage.jsp
2022-10-27 19:04:20 INFO  AbstractServlet:48 - doGet: /editRoutesPage.jsp
2022-10-27 19:04:28 INFO  LocalFilter:37 - ua
2022-10-27 19:04:28 INFO  LocalFilter:39 - Logging from doFilter LocalFilter
2022-10-27 19:04:28 INFO  AbstractServlet:62 - Command name: editRoutesCommand
2022-10-27 19:04:28 INFO  AbstractServlet:63 - method: GET
2022-10-27 19:04:28 INFO  AbstractServlet:66 - page: /editRoutesPage.jsp
2022-10-27 19:04:28 INFO  AbstractServlet:48 - doGet: /editRoutesPage.jsp
2022-10-27 19:04:29 INFO  LocalFilter:37 - ua
2022-10-27 19:04:29 INFO  LocalFilter:39 - Logging from doFilter LocalFilter
2022-10-27 19:04:29 INFO  AbstractServlet:62 - Command name: editRouteDataCommand
2022-10-27 19:04:29 INFO  AbstractServlet:63 - method: GET
2022-10-27 19:04:29 INFO  AbstractServlet:66 - page: /editRouteDataPage.jsp
2022-10-27 19:04:29 INFO  AbstractServlet:48 - doGet: /editRouteDataPage.jsp
2022-10-27 19:04:29 INFO  ExceptionHandler:43 - exceptionName: JasperException
2022-10-27 19:04:29 INFO  ExceptionHandler:58 - HTTP Status 500
2022-10-27 19:04:46 INFO  LocalFilter:37 - ua
2022-10-27 19:04:46 INFO  LocalFilter:39 - Logging from doFilter LocalFilter
2022-10-27 19:04:46 INFO  AbstractServlet:62 - Command name: editRouteDataCommand
2022-10-27 19:04:46 INFO  AbstractServlet:63 - method: GET
2022-10-27 19:04:46 INFO  AbstractServlet:66 - page: /editRouteDataPage.jsp
2022-10-27 19:04:46 INFO  AbstractServlet:48 - doGet: /editRouteDataPage.jsp
2022-10-27 19:04:46 INFO  ExceptionHandler:43 - exceptionName: JasperException
2022-10-27 19:04:46 INFO  ExceptionHandler:58 - HTTP Status 500
2022-10-27 19:24:08 INFO  LocalFilter:45 - LocalFilter destroyed
2022-10-27 19:24:08 INFO  LocalFilter:45 - LocalFilter destroyed
2022-10-27 19:25:53 INFO  LocalFilter:22 - LocalFilter init
2022-10-27 19:25:55 INFO  LocalFilter:22 - LocalFilter init
2022-10-27 19:25:56 INFO  LocalFilter:37 - ua
2022-10-27 19:25:56 INFO  LocalFilter:39 - Logging from doFilter LocalFilter
2022-10-27 19:25:58 INFO  LocalFilter:37 - ua
2022-10-27 19:25:58 INFO  LocalFilter:39 - Logging from doFilter LocalFilter
2022-10-27 19:25:58 INFO  LocalFilter:37 - ua
2022-10-27 19:25:58 INFO  LocalFilter:39 - Logging from doFilter LocalFilter
2022-10-27 19:26:00 INFO  AbstractServlet:34 - Path: user
2022-10-27 19:26:00 INFO  LocalFilter:37 - ua
2022-10-27 19:26:00 INFO  LocalFilter:39 - Logging from doFilter LocalFilter
2022-10-27 19:26:00 INFO  UserSecurityFilter:27 - Log from UserSecurityFilter, method doFilter()
2022-10-27 19:26:00 INFO  AbstractServlet:62 - Command name: loginPage
2022-10-27 19:26:00 INFO  AbstractServlet:63 - method: GET
2022-10-27 19:26:00 INFO  LoginPageCommand:23 - errorMessage: null
2022-10-27 19:26:00 INFO  AbstractServlet:66 - page: /headPages/loginPage.jsp
2022-10-27 19:26:00 INFO  AbstractServlet:48 - doGet: /headPages/loginPage.jsp
2022-10-27 19:26:06 INFO  LocalFilter:37 - ua
2022-10-27 19:26:06 INFO  LocalFilter:39 - Logging from doFilter LocalFilter
2022-10-27 19:26:06 INFO  UserSecurityFilter:27 - Log from UserSecurityFilter, method doFilter()
2022-10-27 19:26:06 INFO  AbstractServlet:62 - Command name: login
2022-10-27 19:26:06 INFO  AbstractServlet:63 - method: POST
2022-10-27 19:26:07 INFO  AbstractServlet:66 - page: home?command=homePage
2022-10-27 19:26:07 INFO  AbstractServlet:55 - doPost: home?command=homePage
2022-10-27 19:26:07 INFO  AbstractServlet:29 - Path: home
2022-10-27 19:26:07 INFO  LocalFilter:37 - ua
2022-10-27 19:26:07 INFO  LocalFilter:39 - Logging from doFilter LocalFilter
2022-10-27 19:26:07 INFO  AbstractServlet:62 - Command name: homePage
2022-10-27 19:26:07 INFO  AbstractServlet:63 - method: GET
2022-10-27 19:26:07 INFO  AbstractServlet:66 - page: /headPages/index.jsp
2022-10-27 19:26:07 INFO  AbstractServlet:48 - doGet: /headPages/index.jsp
2022-10-27 19:26:08 INFO  LocalFilter:37 - ua
2022-10-27 19:26:08 INFO  LocalFilter:39 - Logging from doFilter LocalFilter
2022-10-27 19:26:08 INFO  UserSecurityFilter:27 - Log from UserSecurityFilter, method doFilter()
2022-10-27 19:26:08 INFO  AbstractServlet:62 - Command name: showAdminProfile
2022-10-27 19:26:08 INFO  AbstractServlet:63 - method: GET
2022-10-27 19:26:08 INFO  AbstractServlet:66 - page: /adminProfile.jsp
2022-10-27 19:26:08 INFO  AbstractServlet:48 - doGet: /adminProfile.jsp
2022-10-27 19:26:09 INFO  LocalFilter:37 - ua
2022-10-27 19:26:09 INFO  LocalFilter:39 - Logging from doFilter LocalFilter
2022-10-27 19:26:09 INFO  AbstractServlet:62 - Command name: editRoutesCommand
2022-10-27 19:26:09 INFO  AbstractServlet:63 - method: GET
2022-10-27 19:26:09 INFO  AbstractServlet:66 - page: /editRoutesPage.jsp
2022-10-27 19:26:09 INFO  AbstractServlet:48 - doGet: /editRoutesPage.jsp
2022-10-27 21:29:52 INFO  LocalFilter:45 - LocalFilter destroyed
2022-10-27 21:29:52 INFO  LocalFilter:45 - LocalFilter destroyed
2022-10-27 21:30:23 INFO  LocalFilter:22 - LocalFilter init
2022-10-27 21:30:26 INFO  LocalFilter:22 - LocalFilter init
2022-10-27 21:30:26 INFO  LocalFilter:37 - ua
2022-10-27 21:30:26 INFO  LocalFilter:39 - Logging from doFilter LocalFilter
2022-10-27 21:30:30 INFO  LocalFilter:37 - ua
2022-10-27 21:30:30 INFO  LocalFilter:39 - Logging from doFilter LocalFilter
2022-10-27 21:30:30 INFO  LocalFilter:37 - ua
2022-10-27 21:30:30 INFO  LocalFilter:39 - Logging from doFilter LocalFilter
2022-10-27 21:30:37 INFO  LocalFilter:45 - LocalFilter destroyed
2022-10-27 21:30:37 INFO  LocalFilter:45 - LocalFilter destroyed
2022-10-27 21:31:03 INFO  LocalFilter:22 - LocalFilter init
2022-10-27 21:31:05 INFO  LocalFilter:22 - LocalFilter init
2022-10-27 21:31:05 INFO  LocalFilter:37 - ua
2022-10-27 21:31:05 INFO  LocalFilter:39 - Logging from doFilter LocalFilter
2022-10-27 21:31:07 INFO  LocalFilter:37 - ua
2022-10-27 21:31:07 INFO  LocalFilter:39 - Logging from doFilter LocalFilter
2022-10-27 21:31:07 INFO  LocalFilter:37 - ua
2022-10-27 21:31:07 INFO  LocalFilter:39 - Logging from doFilter LocalFilter
2022-10-27 21:31:20 INFO  AbstractServlet:34 - Path: user
2022-10-27 21:31:20 INFO  LocalFilter:37 - ua
2022-10-27 21:31:20 INFO  LocalFilter:39 - Logging from doFilter LocalFilter
2022-10-27 21:31:20 INFO  UserSecurityFilter:27 - Log from UserSecurityFilter, method doFilter()
2022-10-27 21:31:20 INFO  AbstractServlet:62 - Command name: loginPage
2022-10-27 21:31:20 INFO  AbstractServlet:63 - method: GET
2022-10-27 21:31:20 INFO  LoginPageCommand:23 - errorMessage: null
2022-10-27 21:31:20 INFO  AbstractServlet:66 - page: /headPages/loginPage.jsp
2022-10-27 21:31:20 INFO  AbstractServlet:48 - doGet: /headPages/loginPage.jsp
2022-10-27 21:31:28 INFO  LocalFilter:37 - ua
2022-10-27 21:31:28 INFO  LocalFilter:39 - Logging from doFilter LocalFilter
2022-10-27 21:31:28 INFO  UserSecurityFilter:27 - Log from UserSecurityFilter, method doFilter()
2022-10-27 21:31:28 INFO  AbstractServlet:62 - Command name: login
2022-10-27 21:31:28 INFO  AbstractServlet:63 - method: POST
2022-10-27 21:31:29 INFO  AbstractServlet:66 - page: home?command=homePage
2022-10-27 21:31:29 INFO  AbstractServlet:55 - doPost: home?command=homePage
2022-10-27 21:31:29 INFO  AbstractServlet:29 - Path: home
2022-10-27 21:31:29 INFO  LocalFilter:37 - ua
2022-10-27 21:31:29 INFO  LocalFilter:39 - Logging from doFilter LocalFilter
2022-10-27 21:31:29 INFO  AbstractServlet:62 - Command name: homePage
2022-10-27 21:31:29 INFO  AbstractServlet:63 - method: GET
2022-10-27 21:31:29 INFO  AbstractServlet:66 - page: /headPages/index.jsp
2022-10-27 21:31:29 INFO  AbstractServlet:48 - doGet: /headPages/index.jsp
2022-10-27 21:31:31 INFO  LocalFilter:37 - ua
2022-10-27 21:31:31 INFO  LocalFilter:39 - Logging from doFilter LocalFilter
2022-10-27 21:31:31 INFO  UserSecurityFilter:27 - Log from UserSecurityFilter, method doFilter()
2022-10-27 21:31:31 INFO  AbstractServlet:62 - Command name: showAdminProfile
2022-10-27 21:31:31 INFO  AbstractServlet:63 - method: GET
2022-10-27 21:31:31 INFO  AbstractServlet:66 - page: /adminProfile.jsp
2022-10-27 21:31:31 INFO  AbstractServlet:48 - doGet: /adminProfile.jsp
2022-10-27 21:31:32 INFO  LocalFilter:37 - ua
2022-10-27 21:31:32 INFO  LocalFilter:39 - Logging from doFilter LocalFilter
2022-10-27 21:31:32 INFO  AbstractServlet:62 - Command name: editRoutesCommand
2022-10-27 21:31:32 INFO  AbstractServlet:63 - method: GET
2022-10-27 21:31:32 INFO  AbstractServlet:66 - page: /editRoutesPage.jsp
2022-10-27 21:31:32 INFO  AbstractServlet:48 - doGet: /editRoutesPage.jsp
2022-10-27 21:31:40 INFO  LocalFilter:37 - ua
2022-10-27 21:31:40 INFO  LocalFilter:39 - Logging from doFilter LocalFilter
2022-10-27 21:31:40 INFO  AbstractServlet:62 - Command name: editRouteDataCommand
2022-10-27 21:31:40 INFO  AbstractServlet:63 - method: GET
2022-10-27 21:31:40 INFO  AbstractServlet:66 - page: /editRouteDataPage.jsp
2022-10-27 21:31:40 INFO  AbstractServlet:48 - doGet: /editRouteDataPage.jsp
2022-10-27 21:34:43 INFO  LocalFilter:45 - LocalFilter destroyed
2022-10-27 21:34:43 INFO  LocalFilter:45 - LocalFilter destroyed
2022-10-27 21:35:03 INFO  LocalFilter:22 - LocalFilter init
2022-10-27 21:35:05 INFO  LocalFilter:22 - LocalFilter init
2022-10-27 21:35:05 INFO  LocalFilter:37 - ua
2022-10-27 21:35:05 INFO  LocalFilter:39 - Logging from doFilter LocalFilter
2022-10-27 21:35:07 INFO  LocalFilter:37 - ua
2022-10-27 21:35:07 INFO  LocalFilter:39 - Logging from doFilter LocalFilter
2022-10-27 21:35:07 INFO  LocalFilter:37 - ua
2022-10-27 21:35:07 INFO  LocalFilter:39 - Logging from doFilter LocalFilter
2022-10-27 21:35:10 INFO  AbstractServlet:34 - Path: user
2022-10-27 21:35:10 INFO  LocalFilter:37 - ua
2022-10-27 21:35:10 INFO  LocalFilter:39 - Logging from doFilter LocalFilter
2022-10-27 21:35:10 INFO  UserSecurityFilter:27 - Log from UserSecurityFilter, method doFilter()
2022-10-27 21:35:10 INFO  AbstractServlet:62 - Command name: loginPage
2022-10-27 21:35:10 INFO  AbstractServlet:63 - method: GET
2022-10-27 21:35:10 INFO  LoginPageCommand:23 - errorMessage: null
2022-10-27 21:35:10 INFO  AbstractServlet:66 - page: /headPages/loginPage.jsp
2022-10-27 21:35:10 INFO  AbstractServlet:48 - doGet: /headPages/loginPage.jsp
2022-10-27 21:35:16 INFO  LocalFilter:37 - ua
2022-10-27 21:35:16 INFO  LocalFilter:39 - Logging from doFilter LocalFilter
2022-10-27 21:35:16 INFO  UserSecurityFilter:27 - Log from UserSecurityFilter, method doFilter()
2022-10-27 21:35:16 INFO  AbstractServlet:62 - Command name: login
2022-10-27 21:35:16 INFO  AbstractServlet:63 - method: POST
2022-10-27 21:35:16 INFO  AbstractServlet:66 - page: home?command=homePage
2022-10-27 21:35:16 INFO  AbstractServlet:55 - doPost: home?command=homePage
2022-10-27 21:35:16 INFO  AbstractServlet:29 - Path: home
2022-10-27 21:35:16 INFO  LocalFilter:37 - ua
2022-10-27 21:35:16 INFO  LocalFilter:39 - Logging from doFilter LocalFilter
2022-10-27 21:35:16 INFO  AbstractServlet:62 - Command name: homePage
2022-10-27 21:35:16 INFO  AbstractServlet:63 - method: GET
2022-10-27 21:35:16 INFO  AbstractServlet:66 - page: /headPages/index.jsp
2022-10-27 21:35:16 INFO  AbstractServlet:48 - doGet: /headPages/index.jsp
2022-10-27 21:35:19 INFO  LocalFilter:37 - ua
2022-10-27 21:35:19 INFO  LocalFilter:39 - Logging from doFilter LocalFilter
2022-10-27 21:35:19 INFO  UserSecurityFilter:27 - Log from UserSecurityFilter, method doFilter()
2022-10-27 21:35:19 INFO  AbstractServlet:62 - Command name: showAdminProfile
2022-10-27 21:35:19 INFO  AbstractServlet:63 - method: GET
2022-10-27 21:35:19 INFO  AbstractServlet:66 - page: /adminProfile.jsp
2022-10-27 21:35:19 INFO  AbstractServlet:48 - doGet: /adminProfile.jsp
2022-10-27 21:35:20 INFO  LocalFilter:37 - ua
2022-10-27 21:35:20 INFO  LocalFilter:39 - Logging from doFilter LocalFilter
2022-10-27 21:35:20 INFO  AbstractServlet:62 - Command name: editRoutesCommand
2022-10-27 21:35:20 INFO  AbstractServlet:63 - method: GET
2022-10-27 21:35:20 INFO  AbstractServlet:66 - page: /editRoutesPage.jsp
2022-10-27 21:35:20 INFO  AbstractServlet:48 - doGet: /editRoutesPage.jsp
2022-10-27 21:38:40 INFO  LocalFilter:45 - LocalFilter destroyed
2022-10-27 21:38:40 INFO  LocalFilter:45 - LocalFilter destroyed
2022-10-27 21:38:43 INFO  LocalFilter:22 - LocalFilter init
2022-10-27 21:38:46 INFO  LocalFilter:22 - LocalFilter init
2022-10-27 21:38:51 INFO  AbstractServlet:34 - Path: user
2022-10-27 21:38:51 INFO  LocalFilter:37 - ua
2022-10-27 21:38:51 INFO  LocalFilter:39 - Logging from doFilter LocalFilter
2022-10-27 21:38:51 INFO  UserSecurityFilter:27 - Log from UserSecurityFilter, method doFilter()
2022-10-27 21:38:51 INFO  AbstractServlet:62 - Command name: logout
2022-10-27 21:38:51 INFO  AbstractServlet:63 - method: GET
2022-10-27 21:38:51 INFO  AbstractServlet:66 - page: /headPages/loginPage.jsp
2022-10-27 21:38:51 INFO  AbstractServlet:48 - doGet: /headPages/loginPage.jsp
2022-10-27 21:38:53 INFO  LocalFilter:37 - ua
2022-10-27 21:38:53 INFO  LocalFilter:39 - Logging from doFilter LocalFilter
2022-10-27 21:38:53 INFO  UserSecurityFilter:27 - Log from UserSecurityFilter, method doFilter()
2022-10-27 21:38:53 INFO  AbstractServlet:62 - Command name: loginPage
2022-10-27 21:38:53 INFO  AbstractServlet:63 - method: GET
2022-10-27 21:38:53 INFO  LoginPageCommand:23 - errorMessage: null
2022-10-27 21:38:53 INFO  AbstractServlet:66 - page: /headPages/loginPage.jsp
2022-10-27 21:38:53 INFO  AbstractServlet:48 - doGet: /headPages/loginPage.jsp
2022-10-27 21:38:58 INFO  LocalFilter:37 - ua
2022-10-27 21:38:58 INFO  LocalFilter:39 - Logging from doFilter LocalFilter
2022-10-27 21:38:58 INFO  UserSecurityFilter:27 - Log from UserSecurityFilter, method doFilter()
2022-10-27 21:38:58 INFO  AbstractServlet:62 - Command name: login
2022-10-27 21:38:58 INFO  AbstractServlet:63 - method: POST
2022-10-27 21:38:59 INFO  AbstractServlet:66 - page: home?command=homePage
2022-10-27 21:38:59 INFO  AbstractServlet:55 - doPost: home?command=homePage
2022-10-27 21:38:59 INFO  AbstractServlet:29 - Path: home
2022-10-27 21:38:59 INFO  LocalFilter:37 - ua
2022-10-27 21:38:59 INFO  LocalFilter:39 - Logging from doFilter LocalFilter
2022-10-27 21:38:59 INFO  AbstractServlet:62 - Command name: homePage
2022-10-27 21:38:59 INFO  AbstractServlet:63 - method: GET
2022-10-27 21:38:59 INFO  AbstractServlet:66 - page: /headPages/index.jsp
2022-10-27 21:38:59 INFO  AbstractServlet:48 - doGet: /headPages/index.jsp
2022-10-27 21:39:17 INFO  LocalFilter:37 - ua
2022-10-27 21:39:17 INFO  LocalFilter:39 - Logging from doFilter LocalFilter
2022-10-27 21:39:17 INFO  UserSecurityFilter:27 - Log from UserSecurityFilter, method doFilter()
2022-10-27 21:39:17 INFO  AbstractServlet:62 - Command name: showAdminProfile
2022-10-27 21:39:17 INFO  AbstractServlet:63 - method: GET
2022-10-27 21:39:17 INFO  AbstractServlet:66 - page: /adminProfile.jsp
2022-10-27 21:39:17 INFO  AbstractServlet:48 - doGet: /adminProfile.jsp
2022-10-27 21:39:18 INFO  LocalFilter:37 - ua
2022-10-27 21:39:18 INFO  LocalFilter:39 - Logging from doFilter LocalFilter
2022-10-27 21:39:18 INFO  AbstractServlet:62 - Command name: editRoutesCommand
2022-10-27 21:39:18 INFO  AbstractServlet:63 - method: GET
2022-10-27 21:39:18 INFO  AbstractServlet:66 - page: /editRoutesPage.jsp
2022-10-27 21:39:18 INFO  AbstractServlet:48 - doGet: /editRoutesPage.jsp
2022-10-27 21:46:13 INFO  LocalFilter:45 - LocalFilter destroyed
2022-10-27 21:46:13 INFO  LocalFilter:45 - LocalFilter destroyed
2022-10-27 21:46:32 INFO  LocalFilter:22 - LocalFilter init
2022-10-27 21:46:34 INFO  LocalFilter:22 - LocalFilter init
2022-10-27 21:46:34 INFO  LocalFilter:37 - ua
2022-10-27 21:46:34 INFO  LocalFilter:39 - Logging from doFilter LocalFilter
2022-10-27 21:46:36 INFO  LocalFilter:37 - ua
2022-10-27 21:46:36 INFO  LocalFilter:39 - Logging from doFilter LocalFilter
2022-10-27 21:46:36 INFO  LocalFilter:37 - ua
2022-10-27 21:46:36 INFO  LocalFilter:39 - Logging from doFilter LocalFilter
2022-10-27 21:46:39 INFO  AbstractServlet:34 - Path: user
2022-10-27 21:46:39 INFO  LocalFilter:37 - ua
2022-10-27 21:46:39 INFO  LocalFilter:39 - Logging from doFilter LocalFilter
2022-10-27 21:46:39 INFO  UserSecurityFilter:27 - Log from UserSecurityFilter, method doFilter()
2022-10-27 21:46:39 INFO  AbstractServlet:62 - Command name: loginPage
2022-10-27 21:46:39 INFO  AbstractServlet:63 - method: GET
2022-10-27 21:46:39 INFO  LoginPageCommand:23 - errorMessage: null
2022-10-27 21:46:39 INFO  AbstractServlet:66 - page: /headPages/loginPage.jsp
2022-10-27 21:46:39 INFO  AbstractServlet:48 - doGet: /headPages/loginPage.jsp
2022-10-27 21:46:45 INFO  LocalFilter:37 - ua
2022-10-27 21:46:45 INFO  LocalFilter:39 - Logging from doFilter LocalFilter
2022-10-27 21:46:45 INFO  UserSecurityFilter:27 - Log from UserSecurityFilter, method doFilter()
2022-10-27 21:46:45 INFO  AbstractServlet:62 - Command name: login
2022-10-27 21:46:45 INFO  AbstractServlet:63 - method: POST
2022-10-27 21:46:46 INFO  AbstractServlet:66 - page: home?command=homePage
2022-10-27 21:46:46 INFO  AbstractServlet:55 - doPost: home?command=homePage
2022-10-27 21:46:46 INFO  AbstractServlet:29 - Path: home
2022-10-27 21:46:46 INFO  LocalFilter:37 - ua
2022-10-27 21:46:46 INFO  LocalFilter:39 - Logging from doFilter LocalFilter
2022-10-27 21:46:46 INFO  AbstractServlet:62 - Command name: homePage
2022-10-27 21:46:46 INFO  AbstractServlet:63 - method: GET
2022-10-27 21:46:46 INFO  AbstractServlet:66 - page: /headPages/index.jsp
2022-10-27 21:46:46 INFO  AbstractServlet:48 - doGet: /headPages/index.jsp
2022-10-27 21:46:47 INFO  LocalFilter:37 - ua
2022-10-27 21:46:47 INFO  LocalFilter:39 - Logging from doFilter LocalFilter
2022-10-27 21:46:47 INFO  UserSecurityFilter:27 - Log from UserSecurityFilter, method doFilter()
2022-10-27 21:46:47 INFO  AbstractServlet:62 - Command name: showAdminProfile
2022-10-27 21:46:47 INFO  AbstractServlet:63 - method: GET
2022-10-27 21:46:47 INFO  AbstractServlet:66 - page: /adminProfile.jsp
2022-10-27 21:46:47 INFO  AbstractServlet:48 - doGet: /adminProfile.jsp
2022-10-27 21:46:49 INFO  LocalFilter:37 - ua
2022-10-27 21:46:49 INFO  LocalFilter:39 - Logging from doFilter LocalFilter
2022-10-27 21:46:49 INFO  AbstractServlet:62 - Command name: editRoutesCommand
2022-10-27 21:46:49 INFO  AbstractServlet:63 - method: GET
2022-10-27 21:46:49 INFO  AbstractServlet:66 - page: /editRoutesPage.jsp
2022-10-27 21:46:49 INFO  AbstractServlet:48 - doGet: /editRoutesPage.jsp
2022-10-27 21:49:59 INFO  LocalFilter:45 - LocalFilter destroyed
2022-10-27 21:49:59 INFO  LocalFilter:45 - LocalFilter destroyed
2022-10-27 21:50:17 INFO  LocalFilter:22 - LocalFilter init
2022-10-27 21:50:19 INFO  LocalFilter:22 - LocalFilter init
2022-10-27 21:50:19 INFO  LocalFilter:37 - ua
2022-10-27 21:50:19 INFO  LocalFilter:39 - Logging from doFilter LocalFilter
2022-10-27 21:50:20 INFO  LocalFilter:37 - ua
2022-10-27 21:50:20 INFO  LocalFilter:39 - Logging from doFilter LocalFilter
2022-10-27 21:50:21 INFO  LocalFilter:37 - ua
2022-10-27 21:50:21 INFO  LocalFilter:39 - Logging from doFilter LocalFilter
2022-10-27 21:50:34 INFO  AbstractServlet:34 - Path: user
2022-10-27 21:50:34 INFO  LocalFilter:37 - ua
2022-10-27 21:50:34 INFO  LocalFilter:39 - Logging from doFilter LocalFilter
2022-10-27 21:50:34 INFO  UserSecurityFilter:27 - Log from UserSecurityFilter, method doFilter()
2022-10-27 21:50:34 INFO  AbstractServlet:62 - Command name: loginPage
2022-10-27 21:50:34 INFO  AbstractServlet:63 - method: GET
2022-10-27 21:50:34 INFO  LoginPageCommand:23 - errorMessage: null
2022-10-27 21:50:34 INFO  AbstractServlet:66 - page: /headPages/loginPage.jsp
2022-10-27 21:50:34 INFO  AbstractServlet:48 - doGet: /headPages/loginPage.jsp
2022-10-27 21:50:45 INFO  LocalFilter:37 - ua
2022-10-27 21:50:45 INFO  LocalFilter:39 - Logging from doFilter LocalFilter
2022-10-27 21:50:45 INFO  UserSecurityFilter:27 - Log from UserSecurityFilter, method doFilter()
2022-10-27 21:50:45 INFO  AbstractServlet:62 - Command name: login
2022-10-27 21:50:45 INFO  AbstractServlet:63 - method: POST
2022-10-27 21:50:45 INFO  LoginCommand:33 - errorMessage: Password is not valid
2022-10-27 21:50:45 INFO  AbstractServlet:66 - page: user?command=loginPage&loginPageEmail=ADMIN@MAIL.COM&errorMessage=PASSWORD IS NOT VALID
2022-10-27 21:50:45 INFO  AbstractServlet:55 - doPost: user?command=loginPage&loginPageEmail=ADMIN@MAIL.COM&errorMessage=PASSWORD IS NOT VALID
2022-10-27 21:50:45 INFO  LocalFilter:37 - ua
2022-10-27 21:50:45 INFO  LocalFilter:39 - Logging from doFilter LocalFilter
2022-10-27 21:50:45 INFO  UserSecurityFilter:27 - Log from UserSecurityFilter, method doFilter()
2022-10-27 21:50:45 INFO  AbstractServlet:62 - Command name: loginPage
2022-10-27 21:50:45 INFO  AbstractServlet:63 - method: GET
2022-10-27 21:50:45 INFO  LoginPageCommand:23 - errorMessage: PASSWORD IS NOT VALID
2022-10-27 21:50:45 INFO  AbstractServlet:66 - page: /headPages/loginPage.jsp
2022-10-27 21:50:45 INFO  AbstractServlet:48 - doGet: /headPages/loginPage.jsp
2022-10-27 21:50:49 INFO  LocalFilter:37 - ua
2022-10-27 21:50:49 INFO  LocalFilter:39 - Logging from doFilter LocalFilter
2022-10-27 21:50:49 INFO  UserSecurityFilter:27 - Log from UserSecurityFilter, method doFilter()
2022-10-27 21:50:49 INFO  AbstractServlet:62 - Command name: login
2022-10-27 21:50:49 INFO  AbstractServlet:63 - method: POST
2022-10-27 21:50:49 INFO  AbstractServlet:66 - page: home?command=homePage
2022-10-27 21:50:49 INFO  AbstractServlet:55 - doPost: home?command=homePage
2022-10-27 21:50:49 INFO  AbstractServlet:29 - Path: home
2022-10-27 21:50:49 INFO  LocalFilter:37 - ua
2022-10-27 21:50:49 INFO  LocalFilter:39 - Logging from doFilter LocalFilter
2022-10-27 21:50:49 INFO  AbstractServlet:62 - Command name: homePage
2022-10-27 21:50:49 INFO  AbstractServlet:63 - method: GET
2022-10-27 21:50:49 INFO  AbstractServlet:66 - page: /headPages/index.jsp
2022-10-27 21:50:49 INFO  AbstractServlet:48 - doGet: /headPages/index.jsp
2022-10-27 21:50:50 INFO  LocalFilter:37 - ua
2022-10-27 21:50:50 INFO  LocalFilter:39 - Logging from doFilter LocalFilter
2022-10-27 21:50:50 INFO  UserSecurityFilter:27 - Log from UserSecurityFilter, method doFilter()
2022-10-27 21:50:50 INFO  AbstractServlet:62 - Command name: showAdminProfile
2022-10-27 21:50:50 INFO  AbstractServlet:63 - method: GET
2022-10-27 21:50:50 INFO  AbstractServlet:66 - page: /adminProfile.jsp
2022-10-27 21:50:50 INFO  AbstractServlet:48 - doGet: /adminProfile.jsp
2022-10-27 21:50:52 INFO  LocalFilter:37 - ua
2022-10-27 21:50:52 INFO  LocalFilter:39 - Logging from doFilter LocalFilter
2022-10-27 21:50:52 INFO  AbstractServlet:62 - Command name: editRoutesCommand
2022-10-27 21:50:52 INFO  AbstractServlet:63 - method: GET
2022-10-27 21:50:52 INFO  AbstractServlet:66 - page: /editRoutesPage.jsp
2022-10-27 21:50:52 INFO  AbstractServlet:48 - doGet: /editRoutesPage.jsp
2022-10-27 21:52:29 INFO  LocalFilter:45 - LocalFilter destroyed
2022-10-27 21:52:30 INFO  LocalFilter:45 - LocalFilter destroyed
2022-10-27 21:52:32 INFO  LocalFilter:22 - LocalFilter init
2022-10-27 21:52:35 INFO  LocalFilter:22 - LocalFilter init
2022-10-27 21:52:52 INFO  AbstractServlet:34 - Path: user
2022-10-27 21:52:52 INFO  LocalFilter:37 - ua
2022-10-27 21:52:52 INFO  LocalFilter:39 - Logging from doFilter LocalFilter
2022-10-27 21:52:52 INFO  UserSecurityFilter:27 - Log from UserSecurityFilter, method doFilter()
2022-10-27 21:52:52 INFO  AbstractServlet:62 - Command name: logout
2022-10-27 21:52:52 INFO  AbstractServlet:63 - method: GET
2022-10-27 21:52:52 INFO  AbstractServlet:66 - page: /headPages/loginPage.jsp
2022-10-27 21:52:52 INFO  AbstractServlet:48 - doGet: /headPages/loginPage.jsp
2022-10-27 21:52:58 INFO  LocalFilter:37 - ua
2022-10-27 21:52:58 INFO  LocalFilter:39 - Logging from doFilter LocalFilter
2022-10-27 21:52:58 INFO  UserSecurityFilter:27 - Log from UserSecurityFilter, method doFilter()
2022-10-27 21:52:58 INFO  AbstractServlet:62 - Command name: login
2022-10-27 21:52:58 INFO  AbstractServlet:63 - method: POST
2022-10-27 21:52:58 INFO  AbstractServlet:66 - page: home?command=homePage
2022-10-27 21:52:58 INFO  AbstractServlet:55 - doPost: home?command=homePage
2022-10-27 21:52:58 INFO  AbstractServlet:29 - Path: home
2022-10-27 21:52:58 INFO  LocalFilter:37 - ua
2022-10-27 21:52:58 INFO  LocalFilter:39 - Logging from doFilter LocalFilter
2022-10-27 21:52:58 INFO  AbstractServlet:62 - Command name: homePage
2022-10-27 21:52:58 INFO  AbstractServlet:63 - method: GET
2022-10-27 21:52:58 INFO  AbstractServlet:66 - page: /headPages/index.jsp
2022-10-27 21:52:58 INFO  AbstractServlet:48 - doGet: /headPages/index.jsp
2022-10-27 21:53:00 INFO  LocalFilter:37 - ua
2022-10-27 21:53:00 INFO  LocalFilter:39 - Logging from doFilter LocalFilter
2022-10-27 21:53:00 INFO  UserSecurityFilter:27 - Log from UserSecurityFilter, method doFilter()
2022-10-27 21:53:00 INFO  AbstractServlet:62 - Command name: showAdminProfile
2022-10-27 21:53:00 INFO  AbstractServlet:63 - method: GET
2022-10-27 21:53:00 INFO  AbstractServlet:66 - page: /adminProfile.jsp
2022-10-27 21:53:00 INFO  AbstractServlet:48 - doGet: /adminProfile.jsp
2022-10-27 21:53:02 INFO  LocalFilter:37 - ua
2022-10-27 21:53:02 INFO  LocalFilter:39 - Logging from doFilter LocalFilter
2022-10-27 21:53:02 INFO  AbstractServlet:62 - Command name: editRoutesCommand
2022-10-27 21:53:02 INFO  AbstractServlet:63 - method: GET
2022-10-27 21:53:02 INFO  AbstractServlet:66 - page: /editRoutesPage.jsp
2022-10-27 21:53:02 INFO  AbstractServlet:48 - doGet: /editRoutesPage.jsp
2022-10-27 21:54:13 INFO  LocalFilter:45 - LocalFilter destroyed
2022-10-27 21:54:13 INFO  LocalFilter:45 - LocalFilter destroyed
2022-10-27 21:54:16 INFO  LocalFilter:22 - LocalFilter init
2022-10-27 21:54:19 INFO  LocalFilter:22 - LocalFilter init
2022-10-27 21:54:19 INFO  AbstractServlet:34 - Path: user
2022-10-27 21:54:19 INFO  LocalFilter:37 - ua
2022-10-27 21:54:19 INFO  LocalFilter:39 - Logging from doFilter LocalFilter
2022-10-27 21:54:19 INFO  UserSecurityFilter:27 - Log from UserSecurityFilter, method doFilter()
2022-10-27 21:54:19 INFO  AbstractServlet:62 - Command name: logout
2022-10-27 21:54:19 INFO  AbstractServlet:63 - method: GET
2022-10-27 21:54:19 INFO  AbstractServlet:66 - page: /headPages/loginPage.jsp
2022-10-27 21:54:19 INFO  AbstractServlet:48 - doGet: /headPages/loginPage.jsp
2022-10-27 21:54:25 INFO  LocalFilter:37 - ua
2022-10-27 21:54:25 INFO  LocalFilter:39 - Logging from doFilter LocalFilter
2022-10-27 21:54:25 INFO  UserSecurityFilter:27 - Log from UserSecurityFilter, method doFilter()
2022-10-27 21:54:25 INFO  AbstractServlet:62 - Command name: login
2022-10-27 21:54:25 INFO  AbstractServlet:63 - method: POST
2022-10-27 21:54:25 INFO  LoginCommand:33 - errorMessage: Password is not valid
2022-10-27 21:54:25 INFO  AbstractServlet:66 - page: user?command=loginPage&loginPageEmail=ADMIN@MAIL.COM&errorMessage=PASSWORD IS NOT VALID
2022-10-27 21:54:25 INFO  AbstractServlet:55 - doPost: user?command=loginPage&loginPageEmail=ADMIN@MAIL.COM&errorMessage=PASSWORD IS NOT VALID
2022-10-27 21:54:25 INFO  LocalFilter:37 - ua
2022-10-27 21:54:25 INFO  LocalFilter:39 - Logging from doFilter LocalFilter
2022-10-27 21:54:25 INFO  UserSecurityFilter:27 - Log from UserSecurityFilter, method doFilter()
2022-10-27 21:54:25 INFO  AbstractServlet:62 - Command name: loginPage
2022-10-27 21:54:25 INFO  AbstractServlet:63 - method: GET
2022-10-27 21:54:25 INFO  LoginPageCommand:23 - errorMessage: PASSWORD IS NOT VALID
2022-10-27 21:54:25 INFO  AbstractServlet:66 - page: /headPages/loginPage.jsp
2022-10-27 21:54:25 INFO  AbstractServlet:48 - doGet: /headPages/loginPage.jsp
2022-10-27 21:54:29 INFO  LocalFilter:37 - ua
2022-10-27 21:54:29 INFO  LocalFilter:39 - Logging from doFilter LocalFilter
2022-10-27 21:54:29 INFO  UserSecurityFilter:27 - Log from UserSecurityFilter, method doFilter()
2022-10-27 21:54:29 INFO  AbstractServlet:62 - Command name: login
2022-10-27 21:54:29 INFO  AbstractServlet:63 - method: POST
2022-10-27 21:54:29 INFO  AbstractServlet:66 - page: home?command=homePage
2022-10-27 21:54:29 INFO  AbstractServlet:55 - doPost: home?command=homePage
2022-10-27 21:54:29 INFO  AbstractServlet:29 - Path: home
2022-10-27 21:54:29 INFO  LocalFilter:37 - ua
2022-10-27 21:54:29 INFO  LocalFilter:39 - Logging from doFilter LocalFilter
2022-10-27 21:54:29 INFO  AbstractServlet:62 - Command name: homePage
2022-10-27 21:54:29 INFO  AbstractServlet:63 - method: GET
2022-10-27 21:54:29 INFO  AbstractServlet:66 - page: /headPages/index.jsp
2022-10-27 21:54:29 INFO  AbstractServlet:48 - doGet: /headPages/index.jsp
2022-10-27 21:54:31 INFO  LocalFilter:37 - ua
2022-10-27 21:54:31 INFO  LocalFilter:39 - Logging from doFilter LocalFilter
2022-10-27 21:54:31 INFO  UserSecurityFilter:27 - Log from UserSecurityFilter, method doFilter()
2022-10-27 21:54:31 INFO  AbstractServlet:62 - Command name: showAdminProfile
2022-10-27 21:54:31 INFO  AbstractServlet:63 - method: GET
2022-10-27 21:54:31 INFO  AbstractServlet:66 - page: /adminProfile.jsp
2022-10-27 21:54:31 INFO  AbstractServlet:48 - doGet: /adminProfile.jsp
2022-10-27 21:54:32 INFO  LocalFilter:37 - ua
2022-10-27 21:54:32 INFO  LocalFilter:39 - Logging from doFilter LocalFilter
2022-10-27 21:54:32 INFO  AbstractServlet:62 - Command name: editRoutesCommand
2022-10-27 21:54:32 INFO  AbstractServlet:63 - method: GET
2022-10-27 21:54:32 INFO  AbstractServlet:66 - page: /editRoutesPage.jsp
2022-10-27 21:54:32 INFO  AbstractServlet:48 - doGet: /editRoutesPage.jsp
2022-10-27 21:55:28 INFO  LocalFilter:37 - ua
2022-10-27 21:55:28 INFO  LocalFilter:39 - Logging from doFilter LocalFilter
2022-10-27 21:55:28 INFO  UserSecurityFilter:27 - Log from UserSecurityFilter, method doFilter()
2022-10-27 21:55:28 INFO  AbstractServlet:62 - Command name: logout
2022-10-27 21:55:28 INFO  AbstractServlet:63 - method: GET
2022-10-27 21:55:28 INFO  AbstractServlet:66 - page: /headPages/loginPage.jsp
2022-10-27 21:55:28 INFO  AbstractServlet:48 - doGet: /headPages/loginPage.jsp
2022-10-27 21:55:36 INFO  LocalFilter:37 - ua
2022-10-27 21:55:36 INFO  LocalFilter:39 - Logging from doFilter LocalFilter
2022-10-27 21:55:36 INFO  UserSecurityFilter:27 - Log from UserSecurityFilter, method doFilter()
2022-10-27 21:55:36 INFO  AbstractServlet:62 - Command name: login
2022-10-27 21:55:36 INFO  AbstractServlet:63 - method: POST
2022-10-27 21:55:36 INFO  AbstractServlet:66 - page: home?command=homePage
2022-10-27 21:55:36 INFO  AbstractServlet:55 - doPost: home?command=homePage
2022-10-27 21:55:36 INFO  LocalFilter:37 - ua
2022-10-27 21:55:36 INFO  LocalFilter:39 - Logging from doFilter LocalFilter
2022-10-27 21:55:36 INFO  AbstractServlet:62 - Command name: homePage
2022-10-27 21:55:36 INFO  AbstractServlet:63 - method: GET
2022-10-27 21:55:36 INFO  AbstractServlet:66 - page: /headPages/index.jsp
2022-10-27 21:55:36 INFO  AbstractServlet:48 - doGet: /headPages/index.jsp
2022-10-27 21:55:38 INFO  LocalFilter:37 - ua
2022-10-27 21:55:38 INFO  LocalFilter:39 - Logging from doFilter LocalFilter
2022-10-27 21:55:38 INFO  UserSecurityFilter:27 - Log from UserSecurityFilter, method doFilter()
2022-10-27 21:55:38 INFO  AbstractServlet:62 - Command name: showAdminProfile
2022-10-27 21:55:38 INFO  AbstractServlet:63 - method: GET
2022-10-27 21:55:38 INFO  AbstractServlet:66 - page: /adminProfile.jsp
2022-10-27 21:55:38 INFO  AbstractServlet:48 - doGet: /adminProfile.jsp
2022-10-27 21:55:39 INFO  LocalFilter:37 - ua
2022-10-27 21:55:39 INFO  LocalFilter:39 - Logging from doFilter LocalFilter
2022-10-27 21:55:39 INFO  AbstractServlet:62 - Command name: editRoutesCommand
2022-10-27 21:55:39 INFO  AbstractServlet:63 - method: GET
2022-10-27 21:55:39 INFO  AbstractServlet:66 - page: /editRoutesPage.jsp
2022-10-27 21:55:39 INFO  AbstractServlet:48 - doGet: /editRoutesPage.jsp
2022-10-27 21:55:52 INFO  LocalFilter:37 - ua
2022-10-27 21:55:52 INFO  LocalFilter:39 - Logging from doFilter LocalFilter
2022-10-27 21:55:52 INFO  UserSecurityFilter:27 - Log from UserSecurityFilter, method doFilter()
2022-10-27 21:55:52 INFO  AbstractServlet:62 - Command name: logout
2022-10-27 21:55:52 INFO  AbstractServlet:63 - method: GET
2022-10-27 21:55:52 INFO  AbstractServlet:66 - page: /headPages/loginPage.jsp
2022-10-27 21:55:52 INFO  AbstractServlet:48 - doGet: /headPages/loginPage.jsp
2022-10-27 21:55:59 INFO  LocalFilter:37 - ua
2022-10-27 21:55:59 INFO  LocalFilter:39 - Logging from doFilter LocalFilter
2022-10-27 21:55:59 INFO  UserSecurityFilter:27 - Log from UserSecurityFilter, method doFilter()
2022-10-27 21:55:59 INFO  AbstractServlet:62 - Command name: login
2022-10-27 21:55:59 INFO  AbstractServlet:63 - method: POST
2022-10-27 21:55:59 INFO  AbstractServlet:66 - page: home?command=homePage
2022-10-27 21:55:59 INFO  AbstractServlet:55 - doPost: home?command=homePage
2022-10-27 21:55:59 INFO  LocalFilter:37 - ua
2022-10-27 21:55:59 INFO  LocalFilter:39 - Logging from doFilter LocalFilter
2022-10-27 21:55:59 INFO  AbstractServlet:62 - Command name: homePage
2022-10-27 21:55:59 INFO  AbstractServlet:63 - method: GET
2022-10-27 21:55:59 INFO  AbstractServlet:66 - page: /headPages/index.jsp
2022-10-27 21:55:59 INFO  AbstractServlet:48 - doGet: /headPages/index.jsp
2022-10-27 21:56:01 INFO  LocalFilter:37 - ua
2022-10-27 21:56:01 INFO  LocalFilter:39 - Logging from doFilter LocalFilter
2022-10-27 21:56:01 INFO  UserSecurityFilter:27 - Log from UserSecurityFilter, method doFilter()
2022-10-27 21:56:01 INFO  AbstractServlet:62 - Command name: showAdminProfile
2022-10-27 21:56:01 INFO  AbstractServlet:63 - method: GET
2022-10-27 21:56:01 INFO  AbstractServlet:66 - page: /adminProfile.jsp
2022-10-27 21:56:01 INFO  AbstractServlet:48 - doGet: /adminProfile.jsp
2022-10-27 21:56:02 INFO  LocalFilter:37 - ua
2022-10-27 21:56:02 INFO  LocalFilter:39 - Logging from doFilter LocalFilter
2022-10-27 21:56:02 INFO  AbstractServlet:62 - Command name: editRoutesCommand
2022-10-27 21:56:02 INFO  AbstractServlet:63 - method: GET
2022-10-27 21:56:02 INFO  AbstractServlet:66 - page: /editRoutesPage.jsp
2022-10-27 21:56:02 INFO  AbstractServlet:48 - doGet: /editRoutesPage.jsp
2022-10-27 21:57:03 INFO  LocalFilter:45 - LocalFilter destroyed
2022-10-27 21:57:03 INFO  LocalFilter:45 - LocalFilter destroyed
2022-10-27 21:57:20 INFO  LocalFilter:22 - LocalFilter init
2022-10-27 21:57:23 INFO  LocalFilter:22 - LocalFilter init
2022-10-27 21:57:23 INFO  LocalFilter:37 - ua
2022-10-27 21:57:23 INFO  LocalFilter:39 - Logging from doFilter LocalFilter
2022-10-27 21:57:25 INFO  LocalFilter:37 - ua
2022-10-27 21:57:25 INFO  LocalFilter:39 - Logging from doFilter LocalFilter
2022-10-27 21:57:25 INFO  LocalFilter:37 - ua
2022-10-27 21:57:25 INFO  LocalFilter:39 - Logging from doFilter LocalFilter
2022-10-27 21:57:27 INFO  AbstractServlet:34 - Path: user
2022-10-27 21:57:27 INFO  LocalFilter:37 - ua
2022-10-27 21:57:27 INFO  LocalFilter:39 - Logging from doFilter LocalFilter
2022-10-27 21:57:27 INFO  UserSecurityFilter:27 - Log from UserSecurityFilter, method doFilter()
2022-10-27 21:57:27 INFO  AbstractServlet:62 - Command name: loginPage
2022-10-27 21:57:27 INFO  AbstractServlet:63 - method: GET
2022-10-27 21:57:27 INFO  LoginPageCommand:23 - errorMessage: null
2022-10-27 21:57:27 INFO  AbstractServlet:66 - page: /headPages/loginPage.jsp
2022-10-27 21:57:27 INFO  AbstractServlet:48 - doGet: /headPages/loginPage.jsp
2022-10-27 21:57:33 INFO  LocalFilter:37 - ua
2022-10-27 21:57:33 INFO  LocalFilter:39 - Logging from doFilter LocalFilter
2022-10-27 21:57:33 INFO  UserSecurityFilter:27 - Log from UserSecurityFilter, method doFilter()
2022-10-27 21:57:33 INFO  AbstractServlet:62 - Command name: login
2022-10-27 21:57:33 INFO  AbstractServlet:63 - method: POST
2022-10-27 21:57:33 INFO  AbstractServlet:66 - page: home?command=homePage
2022-10-27 21:57:33 INFO  AbstractServlet:55 - doPost: home?command=homePage
2022-10-27 21:57:33 INFO  AbstractServlet:29 - Path: home
2022-10-27 21:57:33 INFO  LocalFilter:37 - ua
2022-10-27 21:57:33 INFO  LocalFilter:39 - Logging from doFilter LocalFilter
2022-10-27 21:57:33 INFO  AbstractServlet:62 - Command name: homePage
2022-10-27 21:57:33 INFO  AbstractServlet:63 - method: GET
2022-10-27 21:57:33 INFO  AbstractServlet:66 - page: /headPages/index.jsp
2022-10-27 21:57:33 INFO  AbstractServlet:48 - doGet: /headPages/index.jsp
2022-10-27 21:57:34 INFO  LocalFilter:37 - ua
2022-10-27 21:57:34 INFO  LocalFilter:39 - Logging from doFilter LocalFilter
2022-10-27 21:57:34 INFO  UserSecurityFilter:27 - Log from UserSecurityFilter, method doFilter()
2022-10-27 21:57:34 INFO  AbstractServlet:62 - Command name: showAdminProfile
2022-10-27 21:57:34 INFO  AbstractServlet:63 - method: GET
2022-10-27 21:57:34 INFO  AbstractServlet:66 - page: /adminProfile.jsp
2022-10-27 21:57:34 INFO  AbstractServlet:48 - doGet: /adminProfile.jsp
2022-10-27 21:57:36 INFO  LocalFilter:37 - ua
2022-10-27 21:57:36 INFO  LocalFilter:39 - Logging from doFilter LocalFilter
2022-10-27 21:57:36 INFO  AbstractServlet:62 - Command name: editRoutesCommand
2022-10-27 21:57:36 INFO  AbstractServlet:63 - method: GET
2022-10-27 21:57:36 INFO  AbstractServlet:66 - page: /editRoutesPage.jsp
2022-10-27 21:57:36 INFO  AbstractServlet:48 - doGet: /editRoutesPage.jsp
2022-10-27 21:58:40 INFO  LocalFilter:45 - LocalFilter destroyed
2022-10-27 21:58:40 INFO  LocalFilter:45 - LocalFilter destroyed
2022-10-27 21:58:58 INFO  LocalFilter:22 - LocalFilter init
2022-10-27 21:59:01 INFO  LocalFilter:22 - LocalFilter init
2022-10-27 21:59:01 INFO  LocalFilter:37 - ua
2022-10-27 21:59:01 INFO  LocalFilter:39 - Logging from doFilter LocalFilter
2022-10-27 21:59:03 INFO  LocalFilter:37 - ua
2022-10-27 21:59:03 INFO  LocalFilter:39 - Logging from doFilter LocalFilter
2022-10-27 21:59:03 INFO  LocalFilter:37 - ua
2022-10-27 21:59:03 INFO  LocalFilter:39 - Logging from doFilter LocalFilter
2022-10-27 21:59:05 INFO  AbstractServlet:34 - Path: user
2022-10-27 21:59:05 INFO  LocalFilter:37 - ua
2022-10-27 21:59:05 INFO  LocalFilter:39 - Logging from doFilter LocalFilter
2022-10-27 21:59:05 INFO  UserSecurityFilter:27 - Log from UserSecurityFilter, method doFilter()
2022-10-27 21:59:05 INFO  AbstractServlet:62 - Command name: loginPage
2022-10-27 21:59:05 INFO  AbstractServlet:63 - method: GET
2022-10-27 21:59:05 INFO  LoginPageCommand:23 - errorMessage: null
2022-10-27 21:59:05 INFO  AbstractServlet:66 - page: /headPages/loginPage.jsp
2022-10-27 21:59:05 INFO  AbstractServlet:48 - doGet: /headPages/loginPage.jsp
2022-10-27 21:59:11 INFO  LocalFilter:37 - ua
2022-10-27 21:59:11 INFO  LocalFilter:39 - Logging from doFilter LocalFilter
2022-10-27 21:59:11 INFO  UserSecurityFilter:27 - Log from UserSecurityFilter, method doFilter()
2022-10-27 21:59:11 INFO  AbstractServlet:62 - Command name: login
2022-10-27 21:59:11 INFO  AbstractServlet:63 - method: POST
2022-10-27 21:59:12 INFO  AbstractServlet:66 - page: home?command=homePage
2022-10-27 21:59:12 INFO  AbstractServlet:55 - doPost: home?command=homePage
2022-10-27 21:59:12 INFO  AbstractServlet:29 - Path: home
2022-10-27 21:59:12 INFO  LocalFilter:37 - ua
2022-10-27 21:59:12 INFO  LocalFilter:39 - Logging from doFilter LocalFilter
2022-10-27 21:59:12 INFO  AbstractServlet:62 - Command name: homePage
2022-10-27 21:59:12 INFO  AbstractServlet:63 - method: GET
2022-10-27 21:59:12 INFO  AbstractServlet:66 - page: /headPages/index.jsp
2022-10-27 21:59:12 INFO  AbstractServlet:48 - doGet: /headPages/index.jsp
2022-10-27 21:59:13 INFO  LocalFilter:37 - ua
2022-10-27 21:59:13 INFO  LocalFilter:39 - Logging from doFilter LocalFilter
2022-10-27 21:59:13 INFO  UserSecurityFilter:27 - Log from UserSecurityFilter, method doFilter()
2022-10-27 21:59:13 INFO  AbstractServlet:62 - Command name: showAdminProfile
2022-10-27 21:59:13 INFO  AbstractServlet:63 - method: GET
2022-10-27 21:59:13 INFO  AbstractServlet:66 - page: /adminProfile.jsp
2022-10-27 21:59:13 INFO  AbstractServlet:48 - doGet: /adminProfile.jsp
2022-10-27 21:59:14 INFO  LocalFilter:37 - ua
2022-10-27 21:59:14 INFO  LocalFilter:39 - Logging from doFilter LocalFilter
2022-10-27 21:59:14 INFO  AbstractServlet:62 - Command name: editRoutesCommand
2022-10-27 21:59:14 INFO  AbstractServlet:63 - method: GET
2022-10-27 21:59:14 INFO  AbstractServlet:66 - page: /editRoutesPage.jsp
2022-10-27 21:59:14 INFO  AbstractServlet:48 - doGet: /editRoutesPage.jsp
2022-10-27 21:59:58 INFO  LocalFilter:45 - LocalFilter destroyed
2022-10-27 21:59:58 INFO  LocalFilter:45 - LocalFilter destroyed
2022-10-27 22:00:17 INFO  LocalFilter:22 - LocalFilter init
2022-10-27 22:00:19 INFO  LocalFilter:22 - LocalFilter init
2022-10-27 22:00:20 INFO  LocalFilter:37 - ua
2022-10-27 22:00:20 INFO  LocalFilter:39 - Logging from doFilter LocalFilter
2022-10-27 22:00:22 INFO  LocalFilter:37 - ua
2022-10-27 22:00:22 INFO  LocalFilter:39 - Logging from doFilter LocalFilter
2022-10-27 22:00:22 INFO  LocalFilter:37 - ua
2022-10-27 22:00:22 INFO  LocalFilter:39 - Logging from doFilter LocalFilter
2022-10-27 22:00:24 INFO  AbstractServlet:34 - Path: user
2022-10-27 22:00:24 INFO  LocalFilter:37 - ua
2022-10-27 22:00:24 INFO  LocalFilter:39 - Logging from doFilter LocalFilter
2022-10-27 22:00:24 INFO  UserSecurityFilter:27 - Log from UserSecurityFilter, method doFilter()
2022-10-27 22:00:24 INFO  AbstractServlet:62 - Command name: loginPage
2022-10-27 22:00:24 INFO  AbstractServlet:63 - method: GET
2022-10-27 22:00:24 INFO  LoginPageCommand:23 - errorMessage: null
2022-10-27 22:00:24 INFO  AbstractServlet:66 - page: /headPages/loginPage.jsp
2022-10-27 22:00:24 INFO  AbstractServlet:48 - doGet: /headPages/loginPage.jsp
2022-10-27 22:00:30 INFO  LocalFilter:37 - ua
2022-10-27 22:00:30 INFO  LocalFilter:39 - Logging from doFilter LocalFilter
2022-10-27 22:00:30 INFO  UserSecurityFilter:27 - Log from UserSecurityFilter, method doFilter()
2022-10-27 22:00:30 INFO  AbstractServlet:62 - Command name: login
2022-10-27 22:00:30 INFO  AbstractServlet:63 - method: POST
2022-10-27 22:00:31 INFO  AbstractServlet:66 - page: home?command=homePage
2022-10-27 22:00:31 INFO  AbstractServlet:55 - doPost: home?command=homePage
2022-10-27 22:00:31 INFO  AbstractServlet:29 - Path: home
2022-10-27 22:00:31 INFO  LocalFilter:37 - ua
2022-10-27 22:00:31 INFO  LocalFilter:39 - Logging from doFilter LocalFilter
2022-10-27 22:00:31 INFO  AbstractServlet:62 - Command name: homePage
2022-10-27 22:00:31 INFO  AbstractServlet:63 - method: GET
2022-10-27 22:00:31 INFO  AbstractServlet:66 - page: /headPages/index.jsp
2022-10-27 22:00:31 INFO  AbstractServlet:48 - doGet: /headPages/index.jsp
2022-10-27 22:00:33 INFO  LocalFilter:37 - ua
2022-10-27 22:00:33 INFO  LocalFilter:39 - Logging from doFilter LocalFilter
2022-10-27 22:00:33 INFO  UserSecurityFilter:27 - Log from UserSecurityFilter, method doFilter()
2022-10-27 22:00:33 INFO  AbstractServlet:62 - Command name: showAdminProfile
2022-10-27 22:00:33 INFO  AbstractServlet:63 - method: GET
2022-10-27 22:00:33 INFO  AbstractServlet:66 - page: /adminProfile.jsp
2022-10-27 22:00:33 INFO  AbstractServlet:48 - doGet: /adminProfile.jsp
2022-10-27 22:00:34 INFO  LocalFilter:37 - ua
2022-10-27 22:00:34 INFO  LocalFilter:39 - Logging from doFilter LocalFilter
2022-10-27 22:00:34 INFO  AbstractServlet:62 - Command name: editRoutesCommand
2022-10-27 22:00:34 INFO  AbstractServlet:63 - method: GET
2022-10-27 22:00:34 INFO  AbstractServlet:66 - page: /editRoutesPage.jsp
2022-10-27 22:00:34 INFO  AbstractServlet:48 - doGet: /editRoutesPage.jsp
2022-10-27 22:07:05 INFO  LocalFilter:45 - LocalFilter destroyed
2022-10-27 22:07:05 INFO  LocalFilter:45 - LocalFilter destroyed
2022-10-27 22:07:23 INFO  LocalFilter:22 - LocalFilter init
2022-10-27 22:07:25 INFO  LocalFilter:22 - LocalFilter init
2022-10-27 22:07:25 INFO  LocalFilter:37 - ua
2022-10-27 22:07:25 INFO  LocalFilter:39 - Logging from doFilter LocalFilter
2022-10-27 22:07:27 INFO  LocalFilter:37 - ua
2022-10-27 22:07:27 INFO  LocalFilter:39 - Logging from doFilter LocalFilter
2022-10-27 22:07:27 INFO  LocalFilter:37 - ua
2022-10-27 22:07:27 INFO  LocalFilter:39 - Logging from doFilter LocalFilter
2022-10-27 22:07:49 INFO  AbstractServlet:34 - Path: user
2022-10-27 22:07:49 INFO  LocalFilter:37 - ua
2022-10-27 22:07:49 INFO  LocalFilter:39 - Logging from doFilter LocalFilter
2022-10-27 22:07:49 INFO  UserSecurityFilter:27 - Log from UserSecurityFilter, method doFilter()
2022-10-27 22:07:49 INFO  AbstractServlet:62 - Command name: loginPage
2022-10-27 22:07:49 INFO  AbstractServlet:63 - method: GET
2022-10-27 22:07:49 INFO  LoginPageCommand:23 - errorMessage: null
2022-10-27 22:07:49 INFO  AbstractServlet:66 - page: /headPages/loginPage.jsp
2022-10-27 22:07:49 INFO  AbstractServlet:48 - doGet: /headPages/loginPage.jsp
2022-10-27 22:07:54 INFO  LocalFilter:37 - ua
2022-10-27 22:07:54 INFO  LocalFilter:39 - Logging from doFilter LocalFilter
2022-10-27 22:07:54 INFO  UserSecurityFilter:27 - Log from UserSecurityFilter, method doFilter()
2022-10-27 22:07:54 INFO  AbstractServlet:62 - Command name: login
2022-10-27 22:07:54 INFO  AbstractServlet:63 - method: POST
2022-10-27 22:07:55 INFO  AbstractServlet:66 - page: home?command=homePage
2022-10-27 22:07:55 INFO  AbstractServlet:55 - doPost: home?command=homePage
2022-10-27 22:07:55 INFO  AbstractServlet:29 - Path: home
2022-10-27 22:07:55 INFO  LocalFilter:37 - ua
2022-10-27 22:07:55 INFO  LocalFilter:39 - Logging from doFilter LocalFilter
2022-10-27 22:07:55 INFO  AbstractServlet:62 - Command name: homePage
2022-10-27 22:07:55 INFO  AbstractServlet:63 - method: GET
2022-10-27 22:07:55 INFO  AbstractServlet:66 - page: /headPages/index.jsp
2022-10-27 22:07:55 INFO  AbstractServlet:48 - doGet: /headPages/index.jsp
2022-10-27 22:07:56 INFO  LocalFilter:37 - ua
2022-10-27 22:07:56 INFO  LocalFilter:39 - Logging from doFilter LocalFilter
2022-10-27 22:07:56 INFO  UserSecurityFilter:27 - Log from UserSecurityFilter, method doFilter()
2022-10-27 22:07:56 INFO  AbstractServlet:62 - Command name: showAdminProfile
2022-10-27 22:07:56 INFO  AbstractServlet:63 - method: GET
2022-10-27 22:07:56 INFO  AbstractServlet:66 - page: /adminProfile.jsp
2022-10-27 22:07:56 INFO  AbstractServlet:48 - doGet: /adminProfile.jsp
2022-10-27 22:07:57 INFO  LocalFilter:37 - ua
2022-10-27 22:07:57 INFO  LocalFilter:39 - Logging from doFilter LocalFilter
2022-10-27 22:07:57 INFO  AbstractServlet:62 - Command name: editRoutesCommand
2022-10-27 22:07:57 INFO  AbstractServlet:63 - method: GET
2022-10-27 22:07:57 INFO  AbstractServlet:66 - page: /editRoutesPage.jsp
2022-10-27 22:07:57 INFO  AbstractServlet:48 - doGet: /editRoutesPage.jsp
2022-10-27 22:08:02 INFO  LocalFilter:33 - en
2022-10-27 22:08:02 INFO  LocalFilter:39 - Logging from doFilter LocalFilter
2022-10-27 22:08:02 INFO  AbstractServlet:62 - Command name: editRoutesCommand
2022-10-27 22:08:02 INFO  AbstractServlet:63 - method: GET
2022-10-27 22:08:02 INFO  AbstractServlet:66 - page: /editRoutesPage.jsp
2022-10-27 22:08:02 INFO  AbstractServlet:48 - doGet: /editRoutesPage.jsp
2022-10-27 22:08:05 INFO  LocalFilter:33 - ua
2022-10-27 22:08:05 INFO  LocalFilter:39 - Logging from doFilter LocalFilter
2022-10-27 22:08:05 INFO  AbstractServlet:62 - Command name: editRoutesCommand
2022-10-27 22:08:05 INFO  AbstractServlet:63 - method: GET
2022-10-27 22:08:05 INFO  AbstractServlet:66 - page: /editRoutesPage.jsp
2022-10-27 22:08:05 INFO  AbstractServlet:48 - doGet: /editRoutesPage.jsp
2022-10-27 22:30:54 INFO  LocalFilter:45 - LocalFilter destroyed
2022-10-27 22:30:54 INFO  LocalFilter:45 - LocalFilter destroyed
